#! /opt/homebrew/Cellar/icarus-verilog/12.0/bin/vvp
:ivl_version "12.0 (stable)";
:ivl_delay_selection "TYPICAL";
:vpi_time_precision - 12;
:vpi_module "/opt/homebrew/Cellar/icarus-verilog/12.0/lib/ivl/system.vpi";
:vpi_module "/opt/homebrew/Cellar/icarus-verilog/12.0/lib/ivl/vhdl_sys.vpi";
:vpi_module "/opt/homebrew/Cellar/icarus-verilog/12.0/lib/ivl/vhdl_textio.vpi";
:vpi_module "/opt/homebrew/Cellar/icarus-verilog/12.0/lib/ivl/v2005_math.vpi";
:vpi_module "/opt/homebrew/Cellar/icarus-verilog/12.0/lib/ivl/va_math.vpi";
:vpi_module "/opt/homebrew/Cellar/icarus-verilog/12.0/lib/ivl/v2009.vpi";
S_0x103359d90 .scope package, "$unit" "$unit" 2 1;
 .timescale 0 0;
S_0x103348a20 .scope module, "tb_single_qubit" "tb_single_qubit" 3 3;
 .timescale -9 -12;
P_0x87904cb80 .param/l "CLK_PERIOD" 1 3 5, +C4<00000000000000000000000000001010>;
P_0x87904cbc0 .param/l "NUM_MEASUREMENT" 1 3 6, +C4<00000000000000000000001111101000>;
v0x87906d180_0 .var/s "alpha_imag", 15 0;
v0x87906d220_0 .var/s "alpha_real", 15 0;
v0x87906d2c0_0 .var/s "beta_imag", 15 0;
v0x87906d360_0 .var/s "beta_real", 15 0;
v0x87906d400_0 .var "clk", 0 0;
v0x87906d4a0_0 .var "load_en", 0 0;
v0x87906d540_0 .var "measure_en", 0 0;
v0x87906d5e0_0 .var/real "one_chance", 0 0;
v0x87906d680_0 .var "read_addr", 2 0;
v0x87906d720_0 .net/s "read_val", 15 0, L_0x103351cf0;  1 drivers
v0x87906d7c0_0 .var "rst_n", 0 0;
v0x87906d860_0 .var/real "zero_chance", 0 0;
S_0x103348ba0 .scope module, "DUT" "single_qubit" 3 24, 4 1 0, S_0x103348a20;
 .timescale -9 -12;
    .port_info 0 /INPUT 1 "clk";
    .port_info 1 /INPUT 1 "rst_n";
    .port_info 2 /INPUT 16 "alpha_real";
    .port_info 3 /INPUT 16 "alpha_imag";
    .port_info 4 /INPUT 16 "beta_real";
    .port_info 5 /INPUT 16 "beta_imag";
    .port_info 6 /INPUT 1 "load_en";
    .port_info 7 /INPUT 1 "measure_en";
    .port_info 8 /INPUT 3 "read_addr";
    .port_info 9 /OUTPUT 16 "read_val";
L_0x103351cf0 .functor BUFZ 16, L_0x10335b9f0, C4<0000000000000000>, C4<0000000000000000>, C4<0000000000000000>;
v0x87906c1e0_0 .net "P0_val", 14 0, L_0x87906d900;  1 drivers
v0x87906c280_0 .net/s "P0_val_imag", 31 0, L_0x878c48780;  1 drivers
v0x87906c320_0 .net/s "P0_val_read", 31 0, L_0x878c485a0;  1 drivers
v0x87906c3c0_0 .net/s *"_ivl_1", 31 0, L_0x878c48460;  1 drivers
v0x87906c460_0 .net/s *"_ivl_12", 31 0, L_0x878c486e0;  1 drivers
v0x87906c500_0 .net *"_ivl_17", 14 0, L_0x878c48820;  1 drivers
v0x87906c5a0_0 .net *"_ivl_19", 14 0, L_0x878c488c0;  1 drivers
v0x87906c640_0 .net *"_ivl_22", 15 0, L_0x10335b9f0;  1 drivers
v0x87906c6e0_0 .net *"_ivl_24", 3 0, L_0x878c48960;  1 drivers
L_0x879454010 .functor BUFT 1, C4<0>, C4<0>, C4<0>, C4<0>;
v0x87906c780_0 .net *"_ivl_27", 0 0, L_0x879454010;  1 drivers
v0x87906c820_0 .net/s *"_ivl_4", 31 0, L_0x878c48500;  1 drivers
v0x87906c8c0_0 .net/s *"_ivl_9", 31 0, L_0x878c48640;  1 drivers
v0x87906c960_0 .net/s "alpha_imag", 15 0, v0x87906d180_0;  1 drivers
v0x87906ca00_0 .net/s "alpha_real", 15 0, v0x87906d220_0;  1 drivers
v0x87906caa0_0 .net/s "beta_imag", 15 0, v0x87906d2c0_0;  1 drivers
v0x87906cb40_0 .net/s "beta_real", 15 0, v0x87906d360_0;  1 drivers
v0x87906cbe0_0 .net "clk", 0 0, v0x87906d400_0;  1 drivers
v0x87906cc80 .array/s "config_mem", 0 4, 15 0;
v0x87906cd20_0 .net "load_en", 0 0, v0x87906d4a0_0;  1 drivers
v0x87906cdc0_0 .net "measure_en", 0 0, v0x87906d540_0;  1 drivers
v0x87906ce60_0 .net "rand_out", 14 0, v0x87906c0a0_0;  1 drivers
v0x87906cf00_0 .net "read_addr", 2 0, v0x87906d680_0;  1 drivers
v0x87906cfa0_0 .net/s "read_val", 15 0, L_0x103351cf0;  alias, 1 drivers
v0x87906d040_0 .net "rst_n", 0 0, v0x87906d7c0_0;  1 drivers
v0x87906cc80_0 .array/port v0x87906cc80, 0;
L_0x878c48460 .extend/s 32, v0x87906cc80_0;
L_0x878c48500 .extend/s 32, v0x87906cc80_0;
L_0x878c485a0 .arith/mult 32, L_0x878c48460, L_0x878c48500;
v0x87906cc80_1 .array/port v0x87906cc80, 1;
L_0x878c48640 .extend/s 32, v0x87906cc80_1;
L_0x878c486e0 .extend/s 32, v0x87906cc80_1;
L_0x878c48780 .arith/mult 32, L_0x878c48640, L_0x878c486e0;
L_0x878c48820 .part L_0x878c485a0, 15, 15;
L_0x878c488c0 .part L_0x878c48780, 15, 15;
L_0x87906d900 .arith/sum 15, L_0x878c48820, L_0x878c488c0;
L_0x10335b9f0 .array/port v0x87906cc80, L_0x878c48960;
L_0x878c48960 .concat [ 3 1 0 0], v0x87906d680_0, L_0x879454010;
S_0x1033519f0 .scope begin, "$ivl_for_loop1" "$ivl_for_loop1" 4 35, 4 35 0, S_0x103348ba0;
 .timescale -9 -12;
v0x103358b60_0 .var/2s "i", 31 0;
S_0x103351b70 .scope module, "rand_num_gen" "lfsr" 4 18, 5 1 0, S_0x103348ba0;
 .timescale -9 -12;
    .port_info 0 /INPUT 1 "clk";
    .port_info 1 /INPUT 1 "rst_n";
    .port_info 2 /OUTPUT 15 "rand_out";
P_0x879058f00 .param/l "SEED_LFSR" 0 5 2, C4<000000000000001>;
L_0x103353c30 .functor XOR 1, L_0x878c48320, L_0x878c483c0, C4<0>, C4<0>;
v0x103358cc0_0 .net *"_ivl_1", 0 0, L_0x878c48320;  1 drivers
v0x103358740_0 .net *"_ivl_3", 0 0, L_0x878c483c0;  1 drivers
v0x1033588a0_0 .net "clk", 0 0, v0x87906d400_0;  alias, 1 drivers
v0x87906c000_0 .net "feedback", 0 0, L_0x103353c30;  1 drivers
v0x87906c0a0_0 .var "rand_out", 14 0;
v0x87906c140_0 .net "rst_n", 0 0, v0x87906d7c0_0;  alias, 1 drivers
E_0x879004dc0/0 .event negedge, v0x87906c140_0;
E_0x879004dc0/1 .event posedge, v0x1033588a0_0;
E_0x879004dc0 .event/or E_0x879004dc0/0, E_0x879004dc0/1;
L_0x878c48320 .part v0x87906c0a0_0, 14, 1;
L_0x878c483c0 .part v0x87906c0a0_0, 0, 1;
S_0x103353930 .scope task, "config_0_state" "config_0_state" 3 69, 3 69 0, S_0x103348a20;
 .timescale -9 -12;
E_0x879004e00 .event posedge, v0x1033588a0_0;
TD_tb_single_qubit.config_0_state ;
    %wait E_0x879004e00;
    %pushi/vec4 32767, 0, 16;
    %store/vec4 v0x87906d220_0, 0, 16;
    %pushi/vec4 0, 0, 16;
    %store/vec4 v0x87906d180_0, 0, 16;
    %pushi/vec4 0, 0, 16;
    %store/vec4 v0x87906d360_0, 0, 16;
    %pushi/vec4 0, 0, 16;
    %store/vec4 v0x87906d2c0_0, 0, 16;
    %pushi/vec4 1, 0, 1;
    %store/vec4 v0x87906d4a0_0, 0, 1;
    %end;
S_0x103353ab0 .scope task, "config_1_state" "config_1_state" 3 78, 3 78 0, S_0x103348a20;
 .timescale -9 -12;
TD_tb_single_qubit.config_1_state ;
    %wait E_0x879004e00;
    %pushi/vec4 0, 0, 16;
    %store/vec4 v0x87906d220_0, 0, 16;
    %pushi/vec4 0, 0, 16;
    %store/vec4 v0x87906d180_0, 0, 16;
    %pushi/vec4 32767, 0, 16;
    %store/vec4 v0x87906d360_0, 0, 16;
    %pushi/vec4 0, 0, 16;
    %store/vec4 v0x87906d2c0_0, 0, 16;
    %pushi/vec4 1, 0, 1;
    %store/vec4 v0x87906d4a0_0, 0, 1;
    %end;
S_0x10335b870 .scope task, "config_minus_i_state" "config_minus_i_state" 3 114, 3 114 0, S_0x103348a20;
 .timescale -9 -12;
TD_tb_single_qubit.config_minus_i_state ;
    %wait E_0x879004e00;
    %pushi/vec4 23170, 0, 16;
    %store/vec4 v0x87906d220_0, 0, 16;
    %pushi/vec4 0, 0, 16;
    %store/vec4 v0x87906d180_0, 0, 16;
    %pushi/vec4 0, 0, 16;
    %store/vec4 v0x87906d360_0, 0, 16;
    %pushi/vec4 42366, 0, 16;
    %store/vec4 v0x87906d2c0_0, 0, 16;
    %pushi/vec4 1, 0, 1;
    %store/vec4 v0x87906d4a0_0, 0, 1;
    %end;
S_0x10335be10 .scope task, "config_minus_state" "config_minus_state" 3 96, 3 96 0, S_0x103348a20;
 .timescale -9 -12;
TD_tb_single_qubit.config_minus_state ;
    %wait E_0x879004e00;
    %pushi/vec4 23170, 0, 16;
    %store/vec4 v0x87906d220_0, 0, 16;
    %pushi/vec4 0, 0, 16;
    %store/vec4 v0x87906d180_0, 0, 16;
    %pushi/vec4 42366, 0, 16;
    %store/vec4 v0x87906d360_0, 0, 16;
    %pushi/vec4 0, 0, 16;
    %store/vec4 v0x87906d2c0_0, 0, 16;
    %pushi/vec4 1, 0, 1;
    %store/vec4 v0x87906d4a0_0, 0, 1;
    %end;
S_0x10335bf90 .scope task, "config_plus_i_state" "config_plus_i_state" 3 105, 3 105 0, S_0x103348a20;
 .timescale -9 -12;
TD_tb_single_qubit.config_plus_i_state ;
    %wait E_0x879004e00;
    %pushi/vec4 23170, 0, 16;
    %store/vec4 v0x87906d220_0, 0, 16;
    %pushi/vec4 0, 0, 16;
    %store/vec4 v0x87906d180_0, 0, 16;
    %pushi/vec4 0, 0, 16;
    %store/vec4 v0x87906d360_0, 0, 16;
    %pushi/vec4 23170, 0, 16;
    %store/vec4 v0x87906d2c0_0, 0, 16;
    %pushi/vec4 1, 0, 1;
    %store/vec4 v0x87906d4a0_0, 0, 1;
    %end;
S_0x10335c110 .scope task, "config_plus_state" "config_plus_state" 3 87, 3 87 0, S_0x103348a20;
 .timescale -9 -12;
TD_tb_single_qubit.config_plus_state ;
    %wait E_0x879004e00;
    %pushi/vec4 23170, 0, 16;
    %store/vec4 v0x87906d220_0, 0, 16;
    %pushi/vec4 0, 0, 16;
    %store/vec4 v0x87906d180_0, 0, 16;
    %pushi/vec4 23170, 0, 16;
    %store/vec4 v0x87906d360_0, 0, 16;
    %pushi/vec4 0, 0, 16;
    %store/vec4 v0x87906d2c0_0, 0, 16;
    %pushi/vec4 1, 0, 1;
    %store/vec4 v0x87906d4a0_0, 0, 1;
    %end;
S_0x878c6c000 .scope task, "config_reset" "config_reset" 3 38, 3 38 0, S_0x103348a20;
 .timescale -9 -12;
TD_tb_single_qubit.config_reset ;
    %wait E_0x879004e00;
    %pushi/vec4 0, 0, 1;
    %store/vec4 v0x87906d7c0_0, 0, 1;
    %wait E_0x879004e00;
    %pushi/vec4 1, 0, 1;
    %store/vec4 v0x87906d7c0_0, 0, 1;
    %end;
S_0x878c6c180 .scope task, "perform_measurement" "perform_measurement" 3 45, 3 45 0, S_0x103348a20;
 .timescale -9 -12;
TD_tb_single_qubit.perform_measurement ;
    %pushi/real 0, 4065; load=0.00000
    %store/real v0x87906d5e0_0;
    %pushi/real 0, 4065; load=0.00000
    %store/real v0x87906d860_0;
    %fork t_1, S_0x878c6c300;
    %jmp t_0;
    .scope S_0x878c6c300;
t_1 ;
    %pushi/vec4 0, 0, 32;
    %store/vec4 v0x87906d0e0_0, 0, 32;
T_7.0 ;
    %load/vec4 v0x87906d0e0_0;
    %cmpi/s 1000, 0, 32;
    %jmp/0xz T_7.1, 5;
    %wait E_0x879004e00;
    %pushi/vec4 0, 0, 1;
    %store/vec4 v0x87906d4a0_0, 0, 1;
    %pushi/vec4 1, 0, 1;
    %store/vec4 v0x87906d540_0, 0, 1;
    %wait E_0x879004e00;
    %pushi/vec4 0, 0, 1;
    %store/vec4 v0x87906d540_0, 0, 1;
    %pushi/vec4 4, 0, 3;
    %store/vec4 v0x87906d680_0, 0, 3;
    %wait E_0x879004e00;
    %load/vec4 v0x87906d720_0;
    %pad/s 32;
    %cmpi/e 1, 0, 32;
    %jmp/0xz  T_7.2, 4;
    %load/real v0x87906d5e0_0;
    %pushi/vec4 1, 0, 32;
    %cvt/rv/s;
    %add/wr;
    %store/real v0x87906d5e0_0;
    %jmp T_7.3;
T_7.2 ;
    %load/real v0x87906d860_0;
    %pushi/vec4 1, 0, 32;
    %cvt/rv/s;
    %add/wr;
    %store/real v0x87906d860_0;
T_7.3 ;
    ; show_stmt_assign_vector: Get l-value for compressed += operand
    %load/vec4 v0x87906d0e0_0;
    %pushi/vec4 1, 0, 32;
    %add;
    %cast2;
    %store/vec4 v0x87906d0e0_0, 0, 32;
    %jmp T_7.0;
T_7.1 ;
    %end;
    .scope S_0x878c6c180;
t_0 %join;
    %end;
S_0x878c6c300 .scope begin, "$ivl_for_loop0" "$ivl_for_loop0" 3 48, 3 48 0, S_0x878c6c180;
 .timescale -9 -12;
v0x87906d0e0_0 .var/2s "i", 31 0;
    .scope S_0x103351b70;
T_8 ;
    %wait E_0x879004dc0;
    %load/vec4 v0x87906c140_0;
    %nor/r;
    %flag_set/vec4 8;
    %jmp/0xz  T_8.0, 8;
    %pushi/vec4 1, 0, 15;
    %assign/vec4 v0x87906c0a0_0, 0;
    %jmp T_8.1;
T_8.0 ;
    %load/vec4 v0x87906c000_0;
    %load/vec4 v0x87906c0a0_0;
    %parti/s 14, 1, 2;
    %concat/vec4; draw_concat_vec4
    %assign/vec4 v0x87906c0a0_0, 0;
T_8.1 ;
    %jmp T_8;
    .thread T_8;
    .scope S_0x103348ba0;
T_9 ;
    %wait E_0x879004dc0;
    %load/vec4 v0x87906d040_0;
    %nor/r;
    %flag_set/vec4 8;
    %jmp/0xz  T_9.0, 8;
    %fork t_3, S_0x1033519f0;
    %jmp t_2;
    .scope S_0x1033519f0;
t_3 ;
    %pushi/vec4 0, 0, 32;
    %store/vec4 v0x103358b60_0, 0, 32;
T_9.2 ;
    %load/vec4 v0x103358b60_0;
    %cmpi/s 5, 0, 32;
    %jmp/0xz T_9.3, 5;
    %pushi/vec4 0, 0, 16;
    %ix/getv/s 3, v0x103358b60_0;
    %ix/load 4, 0, 0; Constant delay
    %assign/vec4/a/d v0x87906cc80, 0, 4;
    ; show_stmt_assign_vector: Get l-value for compressed += operand
    %load/vec4 v0x103358b60_0;
    %pushi/vec4 1, 0, 32;
    %add;
    %cast2;
    %store/vec4 v0x103358b60_0, 0, 32;
    %jmp T_9.2;
T_9.3 ;
    %end;
    .scope S_0x103348ba0;
t_2 %join;
    %jmp T_9.1;
T_9.0 ;
    %load/vec4 v0x87906cd20_0;
    %flag_set/vec4 8;
    %jmp/0xz  T_9.4, 8;
    %load/vec4 v0x87906ca00_0;
    %ix/load 3, 0, 0;
    %flag_set/imm 4, 0;
    %ix/load 4, 0, 0; Constant delay
    %assign/vec4/a/d v0x87906cc80, 0, 4;
    %load/vec4 v0x87906c960_0;
    %ix/load 3, 1, 0;
    %flag_set/imm 4, 0;
    %ix/load 4, 0, 0; Constant delay
    %assign/vec4/a/d v0x87906cc80, 0, 4;
    %load/vec4 v0x87906cb40_0;
    %ix/load 3, 2, 0;
    %flag_set/imm 4, 0;
    %ix/load 4, 0, 0; Constant delay
    %assign/vec4/a/d v0x87906cc80, 0, 4;
    %load/vec4 v0x87906caa0_0;
    %ix/load 3, 3, 0;
    %flag_set/imm 4, 0;
    %ix/load 4, 0, 0; Constant delay
    %assign/vec4/a/d v0x87906cc80, 0, 4;
T_9.4 ;
    %load/vec4 v0x87906cdc0_0;
    %flag_set/vec4 8;
    %jmp/0xz  T_9.6, 8;
    %load/vec4 v0x87906ce60_0;
    %load/vec4 v0x87906c1e0_0;
    %cmp/u;
    %jmp/0xz  T_9.8, 5;
    %pushi/vec4 0, 0, 16;
    %ix/load 3, 4, 0;
    %flag_set/imm 4, 0;
    %ix/load 4, 0, 0; Constant delay
    %assign/vec4/a/d v0x87906cc80, 0, 4;
    %jmp T_9.9;
T_9.8 ;
    %pushi/vec4 1, 0, 16;
    %ix/load 3, 4, 0;
    %flag_set/imm 4, 0;
    %ix/load 4, 0, 0; Constant delay
    %assign/vec4/a/d v0x87906cc80, 0, 4;
T_9.9 ;
T_9.6 ;
T_9.1 ;
    %jmp T_9;
    .thread T_9;
    .scope S_0x103348a20;
T_10 ;
    %pushi/vec4 0, 0, 1;
    %store/vec4 v0x87906d400_0, 0, 1;
    %pushi/real 0, 4065; load=0.00000
    %store/real v0x87906d5e0_0;
    %pushi/real 0, 4065; load=0.00000
    %store/real v0x87906d860_0;
    %end;
    .thread T_10, $init;
    .scope S_0x103348a20;
T_11 ;
    %delay 5000, 0;
    %load/vec4 v0x87906d400_0;
    %inv;
    %store/vec4 v0x87906d400_0, 0, 1;
    %jmp T_11;
    .thread T_11;
    .scope S_0x103348a20;
T_12 ;
    %fork TD_tb_single_qubit.config_reset, S_0x878c6c000;
    %join;
    %vpi_call/w 3 127 "$display", "rst_n=%b", v0x87906d7c0_0 {0 0 0};
    %fork TD_tb_single_qubit.config_0_state, S_0x103353930;
    %join;
    %fork TD_tb_single_qubit.perform_measurement, S_0x878c6c180;
    %join;
    %load/real v0x87906d860_0;
    %load/real v0x87906d860_0;
    %load/real v0x87906d5e0_0;
    %add/wr;
    %div/wr;
    %load/real v0x87906d5e0_0;
    %load/real v0x87906d860_0;
    %load/real v0x87906d5e0_0;
    %add/wr;
    %div/wr;
    %vpi_call/w 3 131 "$display", "measured for |0 state. possiblity of getting 0 is %f, getting 1 is %f", W<1,r>, W<0,r> {0 2 0};
    %fork TD_tb_single_qubit.config_1_state, S_0x103353ab0;
    %join;
    %fork TD_tb_single_qubit.perform_measurement, S_0x878c6c180;
    %join;
    %load/real v0x87906d860_0;
    %load/real v0x87906d860_0;
    %load/real v0x87906d5e0_0;
    %add/wr;
    %div/wr;
    %load/real v0x87906d5e0_0;
    %load/real v0x87906d860_0;
    %load/real v0x87906d5e0_0;
    %add/wr;
    %div/wr;
    %vpi_call/w 3 135 "$display", "measured for |1 state. possiblity of getting 0 is %f, getting 1 is %f", W<1,r>, W<0,r> {0 2 0};
    %fork TD_tb_single_qubit.config_plus_state, S_0x10335c110;
    %join;
    %fork TD_tb_single_qubit.perform_measurement, S_0x878c6c180;
    %join;
    %load/real v0x87906d860_0;
    %load/real v0x87906d860_0;
    %load/real v0x87906d5e0_0;
    %add/wr;
    %div/wr;
    %load/real v0x87906d5e0_0;
    %load/real v0x87906d860_0;
    %load/real v0x87906d5e0_0;
    %add/wr;
    %div/wr;
    %vpi_call/w 3 139 "$display", "measured for |+ state. possiblity of getting 0 is %f, getting 1 is %f", W<1,r>, W<0,r> {0 2 0};
    %fork TD_tb_single_qubit.config_minus_state, S_0x10335be10;
    %join;
    %fork TD_tb_single_qubit.perform_measurement, S_0x878c6c180;
    %join;
    %load/real v0x87906d860_0;
    %load/real v0x87906d860_0;
    %load/real v0x87906d5e0_0;
    %add/wr;
    %div/wr;
    %load/real v0x87906d5e0_0;
    %load/real v0x87906d860_0;
    %load/real v0x87906d5e0_0;
    %add/wr;
    %div/wr;
    %vpi_call/w 3 143 "$display", "measured for |- state. possiblity of getting 0 is %f, getting 1 is %f", W<1,r>, W<0,r> {0 2 0};
    %fork TD_tb_single_qubit.config_plus_i_state, S_0x10335bf90;
    %join;
    %fork TD_tb_single_qubit.perform_measurement, S_0x878c6c180;
    %join;
    %load/real v0x87906d860_0;
    %load/real v0x87906d860_0;
    %load/real v0x87906d5e0_0;
    %add/wr;
    %div/wr;
    %load/real v0x87906d5e0_0;
    %load/real v0x87906d860_0;
    %load/real v0x87906d5e0_0;
    %add/wr;
    %div/wr;
    %vpi_call/w 3 147 "$display", "measured for |i state. possiblity of getting 0 is %f, getting 1 is %f", W<1,r>, W<0,r> {0 2 0};
    %fork TD_tb_single_qubit.config_minus_i_state, S_0x10335b870;
    %join;
    %fork TD_tb_single_qubit.perform_measurement, S_0x878c6c180;
    %join;
    %load/real v0x87906d860_0;
    %load/real v0x87906d860_0;
    %load/real v0x87906d5e0_0;
    %add/wr;
    %div/wr;
    %load/real v0x87906d5e0_0;
    %load/real v0x87906d860_0;
    %load/real v0x87906d5e0_0;
    %add/wr;
    %div/wr;
    %vpi_call/w 3 151 "$display", "measured for |-i state. possiblity of getting 0 is %f, getting 1 is %f", W<1,r>, W<0,r> {0 2 0};
    %vpi_call/w 3 152 "$finish" {0 0 0};
    %end;
    .thread T_12;
    .scope S_0x103348a20;
T_13 ;
    %vpi_call/w 3 157 "$dumpfile", "qubit_measure_wave.vcd" {0 0 0};
    %vpi_call/w 3 158 "$dumpvars", 32'sb00000000000000000000000000000000, S_0x103348a20 {0 0 0};
    %end;
    .thread T_13;
# The file index is used to find the file name in the following table.
:file_names 6;
    "N/A";
    "<interactive>";
    "-";
    "/Users/luelue/Documents/FPGA_PYNQ_Z2/pynq_z2_projects/1_qubit_learn/sv/tb/tb_single_qubit.sv";
    "/Users/luelue/Documents/FPGA_PYNQ_Z2/pynq_z2_projects/1_qubit_learn/sv/rtl/single_qubit.sv";
    "/Users/luelue/Documents/FPGA_PYNQ_Z2/pynq_z2_projects/1_qubit_learn/sv/rtl/lfsr.sv";
